<?xml version="1.0" encoding="UTF-8"?>
<!-- Generated by org.testng.reporters.JUnitXMLReporter -->
<testsuite ignored="0" hostname="Nadsoft" failures="0" tests="5" name="Default test" time="28.423" errors="0" timestamp="2023-06-15T10:38:53 EET">
  <testcase classname="XYZBank" name="add_customer" time="6.935"/>
  <testcase classname="XYZBank" name="add_currency_for_user" time="1.063"/>
  <testcase classname="XYZBank" name="deposit_money" time="4.537"/>
  <testcase classname="XYZBank" name="withdraw_money" time="0.806"/>
  <testcase classname="XYZBank" name="convert_dollar_to_rupees" time="11.482"/>
</testsuite> <!-- Default test -->
