<?xml version="1.0" encoding="UTF-8"?>
<testng-results ignored="0" total="5" passed="5" failed="0" skipped="0">
  <reporter-output>
  </reporter-output>
  <suite started-at="2023-06-15T10:38:24 EET" name="Default suite" finished-at="2023-06-15T10:38:53 EET" duration-ms="28423">
    <groups>
    </groups>
    <test started-at="2023-06-15T10:38:24 EET" name="Default test" finished-at="2023-06-15T10:38:53 EET" duration-ms="28423">
      <class name="XYZBank">
        <test-method is-config="true" signature="this_is_before_test()[pri:0, instance:XYZBank@6253c26]" started-at="2023-06-15T10:38:24 EET" name="this_is_before_test" finished-at="2023-06-15T10:38:28 EET" duration-ms="3516" status="PASS">
          <reporter-output>
          </reporter-output>
        </test-method> <!-- this_is_before_test -->
        <test-method signature="add_customer()[pri:1, instance:XYZBank@6253c26]" started-at="2023-06-15T10:38:28 EET" name="add_customer" finished-at="2023-06-15T10:38:35 EET" duration-ms="6935" status="PASS">
          <reporter-output>
          </reporter-output>
        </test-method> <!-- add_customer -->
        <test-method signature="add_currency_for_user()[pri:2, instance:XYZBank@6253c26]" started-at="2023-06-15T10:38:35 EET" name="add_currency_for_user" finished-at="2023-06-15T10:38:36 EET" duration-ms="1063" status="PASS">
          <reporter-output>
          </reporter-output>
        </test-method> <!-- add_currency_for_user -->
        <test-method signature="deposit_money()[pri:3, instance:XYZBank@6253c26]" started-at="2023-06-15T10:38:36 EET" name="deposit_money" finished-at="2023-06-15T10:38:40 EET" duration-ms="4537" status="PASS">
          <reporter-output>
          </reporter-output>
        </test-method> <!-- deposit_money -->
        <test-method signature="withdraw_money()[pri:4, instance:XYZBank@6253c26]" started-at="2023-06-15T10:38:40 EET" name="withdraw_money" finished-at="2023-06-15T10:38:41 EET" duration-ms="806" status="PASS">
          <reporter-output>
          </reporter-output>
        </test-method> <!-- withdraw_money -->
        <test-method signature="convert_dollar_to_rupees()[pri:5, instance:XYZBank@6253c26]" started-at="2023-06-15T10:38:41 EET" name="convert_dollar_to_rupees" finished-at="2023-06-15T10:38:53 EET" duration-ms="11482" status="PASS">
          <reporter-output>
          </reporter-output>
        </test-method> <!-- convert_dollar_to_rupees -->
      </class> <!-- XYZBank -->
    </test> <!-- Default test -->
  </suite> <!-- Default suite -->
</testng-results>
